#
# There is insufficient memory for the Java Runtime Environment to continue.
# Native memory allocation (malloc) failed to allocate 1423376 bytes for Chunk::new
# Possible reasons:
#   The system is out of physical RAM or swap space
#   The process is running with CompressedOops enabled, and the Java Heap may be blocking the growth of the native heap
# Possible solutions:
#   Reduce memory load on the system
#   Increase physical memory or swap space
#   Check if swap backing store is full
#   Decrease Java heap size (-Xmx/-Xms)
#   Decrease number of Java threads
#   Decrease Java thread stack sizes (-Xss)
#   Set larger code cache with -XX:ReservedCodeCacheSize=
#   JVM is running with Unscaled Compressed Oops mode in which the Java heap is
#     placed in the first 4GB address space. The Java Heap base address is the
#     maximum limit for the native heap growth. Please use -XX:HeapBaseMinAddress
#     to set the Java Heap base and to place the Java Heap above 4GB virtual address.
# This output file may be truncated or incomplete.
#
#  Out of Memory Error (arena.cpp:168), pid=12720, tid=308
#
# JRE version: Java(TM) SE Runtime Environment (21.0.2+13) (build 21.0.2+13-LTS-58)
# Java VM: Java HotSpot(TM) 64-Bit Server VM (21.0.2+13-LTS-58, mixed mode, sharing, tiered, compressed oops, compressed class ptrs, g1 gc, windows-amd64)
# No core dump will be written. Minidumps are not enabled by default on client versions of Windows
#

---------------  S U M M A R Y ------------

Command Line: C:\Users\betti\AppData\Local\Temp\surefire399514009452215890\surefirebooter824973817818888473.jar C:\Users\betti\AppData\Local\Temp\surefire399514009452215890 2024-11-13T16-16-47_604-jvmRun1 surefire2663387390273365507tmp surefire_013131411657864593251tmp

Host: 11th Gen Intel(R) Core(TM) i5-1135G7 @ 2.40GHz, 8 cores, 7G,  Windows 11 , 64 bit Build 22621 (10.0.22621.3958)
Time: Wed Nov 13 16:16:49 2024 W. Europe Standard Time elapsed time: 1.241552 seconds (0d 0h 0m 1s)

---------------  T H R E A D  ---------------

Current thread (0x0000029691471820):  JavaThread "C2 CompilerThread2" daemon [_thread_in_native, id=308, stack(0x000000afe0f00000,0x000000afe1000000) (1024K)]


Current CompileTask:
C2:   1241 2425       4       java.lang.invoke.MethodType::methodType (69 bytes)

Stack: [0x000000afe0f00000,0x000000afe1000000]
Native frames: (J=compiled Java code, j=interpreted, Vv=VM code, C=native code)
V  [jvm.dll+0x6cade9]
V  [jvm.dll+0x8569c1]
V  [jvm.dll+0x858d2e]
V  [jvm.dll+0x859413]
V  [jvm.dll+0x280e56]
V  [jvm.dll+0xc3f3d]
V  [jvm.dll+0xc4473]
V  [jvm.dll+0x3b5bf2]
V  [jvm.dll+0x382855]
V  [jvm.dll+0x381cca]
V  [jvm.dll+0x249bd0]
V  [jvm.dll+0x2491b1]
V  [jvm.dll+0x1c9634]
V  [jvm.dll+0x258859]
V  [jvm.dll+0x256e3a]
V  [jvm.dll+0x3ef6c6]
V  [jvm.dll+0x7ff568]
V  [jvm.dll+0x6c953d]
C  [ucrtbase.dll+0x29333]
C  [KERNEL32.DLL+0x1257d]
C  [ntdll.dll+0x5af08]


---------------  P R O C E S S  ---------------

Threads class SMR info:
_java_thread_list=0x000002964b951d90, length=22, elements={
0x000002962c5af120, 0x000002964afdb070, 0x000002964afdbf90, 0x000002964afdfed0,
0x000002964afe0b90, 0x000002964afec630, 0x000002964aff1380, 0x000002964aff9370,
0x000002964aff9e10, 0x000002964aff1a10, 0x000002964aff20a0, 0x000002964aff3450,
0x000002964b6f5e60, 0x000002964aff2730, 0x000002964aff2dc0, 0x000002964aff4800,
0x000002964aff3ae0, 0x000002964aff4170, 0x000002969139dd20, 0x00000296913a0480,
0x000002969139ea40, 0x0000029691471820
}

Java Threads: ( => current thread )
  0x000002962c5af120 JavaThread "main"                              [_thread_blocked, id=20620, stack(0x000000afdf300000,0x000000afdf400000) (1024K)]
  0x000002964afdb070 JavaThread "Reference Handler"          daemon [_thread_blocked, id=20816, stack(0x000000afdfb00000,0x000000afdfc00000) (1024K)]
  0x000002964afdbf90 JavaThread "Finalizer"                  daemon [_thread_blocked, id=988, stack(0x000000afdfc00000,0x000000afdfd00000) (1024K)]
  0x000002964afdfed0 JavaThread "Signal Dispatcher"          daemon [_thread_blocked, id=7448, stack(0x000000afdfd00000,0x000000afdfe00000) (1024K)]
  0x000002964afe0b90 JavaThread "Attach Listener"            daemon [_thread_blocked, id=9000, stack(0x000000afdfe00000,0x000000afdff00000) (1024K)]
  0x000002964afec630 JavaThread "Service Thread"             daemon [_thread_blocked, id=16852, stack(0x000000afdff00000,0x000000afe0000000) (1024K)]
  0x000002964aff1380 JavaThread "Monitor Deflation Thread"   daemon [_thread_blocked, id=15516, stack(0x000000afe0000000,0x000000afe0100000) (1024K)]
  0x000002964aff9370 JavaThread "C2 CompilerThread0"         daemon [_thread_in_native, id=12104, stack(0x000000afe0100000,0x000000afe0200000) (1024K)]
  0x000002964aff9e10 JavaThread "C1 CompilerThread0"         daemon [_thread_in_native, id=10156, stack(0x000000afe0200000,0x000000afe0300000) (1024K)]
  0x000002964aff1a10 JavaThread "Notification Thread"        daemon [_thread_blocked, id=10992, stack(0x000000afe0300000,0x000000afe0400000) (1024K)]
  0x000002964aff20a0 JavaThread "Common-Cleaner"             daemon [_thread_blocked, id=11788, stack(0x000000afe0400000,0x000000afe0500000) (1024K)]
  0x000002964aff3450 JavaThread "surefire-forkedjvm-command-thread" daemon [_thread_in_native, id=9608, stack(0x000000afe0500000,0x000000afe0600000) (1024K)]
  0x000002964b6f5e60 JavaThread "C2 CompilerThread1"         daemon [_thread_in_native, id=21132, stack(0x000000afe0600000,0x000000afe0700000) (1024K)]
  0x000002964aff2730 JavaThread "ForkJoinPool.commonPool-worker-1" daemon [_thread_blocked, id=14684, stack(0x000000afe0700000,0x000000afe0800000) (1024K)]
  0x000002964aff2dc0 JavaThread "ForkJoinPool.commonPool-worker-2" daemon [_thread_blocked, id=15620, stack(0x000000afe0800000,0x000000afe0900000) (1024K)]
  0x000002964aff4800 JavaThread "ForkJoinPool.commonPool-worker-3" daemon [_thread_in_vm, id=7120, stack(0x000000afe0900000,0x000000afe0a00000) (1024K)]
  0x000002964aff3ae0 JavaThread "ForkJoinPool.commonPool-worker-4" daemon [_thread_blocked, id=20800, stack(0x000000afe0a00000,0x000000afe0b00000) (1024K)]
  0x000002964aff4170 JavaThread "ForkJoinPool.commonPool-worker-5" daemon [_thread_blocked, id=13072, stack(0x000000afe0b00000,0x000000afe0c00000) (1024K)]
  0x000002969139dd20 JavaThread "TestNG-test=Pet Clinic API tests-1"        [_thread_in_vm, id=15884, stack(0x000000afe0c00000,0x000000afe0d00000) (1024K)]
  0x00000296913a0480 JavaThread "TestNG-test=Pet Clinic API tests-2"        [_thread_blocked, id=15792, stack(0x000000afe0d00000,0x000000afe0e00000) (1024K)]
  0x000002969139ea40 JavaThread "TestNG-test=Pet Clinic API tests-3"        [_thread_blocked, id=16228, stack(0x000000afe0e00000,0x000000afe0f00000) (1024K)]
=>0x0000029691471820 JavaThread "C2 CompilerThread2"         daemon [_thread_in_native, id=308, stack(0x000000afe0f00000,0x000000afe1000000) (1024K)]
Total: 22

Other Threads:
  0x000002964afbd4d0 VMThread "VM Thread"                           [id=12504, stack(0x000000afdfa00000,0x000000afdfb00000) (1024K)]
  0x000002964afa8550 WatcherThread "VM Periodic Task Thread"        [id=5560, stack(0x000000afdf900000,0x000000afdfa00000) (1024K)]
  0x000002962e742930 WorkerThread "GC Thread#0"                     [id=16516, stack(0x000000afdf400000,0x000000afdf500000) (1024K)]
  0x0000029691372740 WorkerThread "GC Thread#1"                     [id=5004, stack(0x000000afe1000000,0x000000afe1100000) (1024K)]
  0x00000296913723a0 WorkerThread "GC Thread#2"                     [id=7864, stack(0x000000afe1100000,0x000000afe1200000) (1024K)]
  0x0000029691371c60 WorkerThread "GC Thread#3"                     [id=3752, stack(0x000000afe1200000,0x000000afe1300000) (1024K)]
  0x0000029691372000 WorkerThread "GC Thread#4"                     [id=21200, stack(0x000000afe1300000,0x000000afe1400000) (1024K)]
  0x0000029691372ae0 WorkerThread "GC Thread#5"                     [id=16540, stack(0x000000afe1400000,0x000000afe1500000) (1024K)]
  0x0000029691371180 WorkerThread "GC Thread#6"                     [id=10960, stack(0x000000afe1500000,0x000000afe1600000) (1024K)]
  0x0000029691371520 WorkerThread "GC Thread#7"                     [id=7220, stack(0x000000afe1600000,0x000000afe1700000) (1024K)]
  0x000002962e753390 ConcurrentGCThread "G1 Main Marker"            [id=4636, stack(0x000000afdf500000,0x000000afdf600000) (1024K)]
  0x000002962e753da0 WorkerThread "G1 Conc#0"                       [id=10140, stack(0x000000afdf600000,0x000000afdf700000) (1024K)]
  0x000002964ae7b530 ConcurrentGCThread "G1 Refine#0"               [id=20428, stack(0x000000afdf700000,0x000000afdf800000) (1024K)]
  0x000002964ae7bd50 ConcurrentGCThread "G1 Service"                [id=21276, stack(0x000000afdf800000,0x000000afdf900000) (1024K)]
Total: 14

Threads with active compile tasks:
C2 CompilerThread0     1266 2419       4       java.lang.invoke.MethodType::makeImpl (109 bytes)
C1 CompilerThread0     1266 2582       3       java.util.regex.ASCII::isAlpha (8 bytes)
C2 CompilerThread1     1266 2579       4       java.util.regex.Matcher::search (154 bytes)
C2 CompilerThread2     1267 2425       4       java.lang.invoke.MethodType::methodType (69 bytes)
Total: 4

VM state: not at safepoint (normal execution)

VM Mutex/Monitor currently owned by a thread: None

Heap address: 0x0000000083200000, size: 1998 MB, Compressed Oops mode: 32-bit

CDS archive(s) mapped at: [0x000002964c000000-0x000002964cc90000-0x000002964cc90000), size 13172736, SharedBaseAddress: 0x000002964c000000, ArchiveRelocationMode: 1.
Compressed class space mapped at: 0x000002964d000000-0x000002968d000000, reserved size: 1073741824
Narrow klass base: 0x000002964c000000, Narrow klass shift: 0, Narrow klass range: 0x100000000

GC Precious Log:
 CardTable entry size: 512
 Card Set container configuration: InlinePtr #cards 5 size 8 Array Of Cards #cards 12 size 40 Howl #buckets 4 coarsen threshold 1843 Howl Bitmap #cards 512 size 80 coarsen threshold 460 Card regions per heap region 1 cards per card region 2048
 CPUs: 8 total, 8 available
 Memory: 7991M
 Large Page Support: Disabled
 NUMA Support: Disabled
 Compressed Oops: Enabled (32-bit)
 Heap Region Size: 1M
 Heap Min Capacity: 8M
 Heap Initial Capacity: 126M
 Heap Max Capacity: 1998M
 Pre-touch: Disabled
 Parallel Workers: 8
 Concurrent Workers: 2
 Concurrent Refinement Workers: 8
 Periodic GC: Disabled

Heap:
 garbage-first heap   total 129024K, used 29907K [0x0000000083200000, 0x0000000100000000)
  region size 1024K, 24 young (24576K), 4 survivors (4096K)
 Metaspace       used 18528K, committed 19136K, reserved 1114112K
  class space    used 2047K, committed 2304K, reserved 1048576K

Heap Regions: E=young(eden), S=young(survivor), O=old, HS=humongous(starts), HC=humongous(continues), CS=collection set, F=free, TAMS=top-at-mark-start, PB=parsable bottom
|   0|0x0000000083200000, 0x0000000083300000, 0x0000000083300000|100%| O|  |TAMS 0x0000000083200000| PB 0x0000000083200000| Untracked 
|   1|0x0000000083300000, 0x0000000083400000, 0x0000000083400000|100%| O|  |TAMS 0x0000000083300000| PB 0x0000000083300000| Untracked 
|   2|0x0000000083400000, 0x0000000083500000, 0x0000000083500000|100%| O|  |TAMS 0x0000000083400000| PB 0x0000000083400000| Untracked 
|   3|0x0000000083500000, 0x0000000083500000, 0x0000000083600000|  0%| F|  |TAMS 0x0000000083500000| PB 0x0000000083500000| Untracked 
|   4|0x0000000083600000, 0x0000000083600000, 0x0000000083700000|  0%| F|  |TAMS 0x0000000083600000| PB 0x0000000083600000| Untracked 
|   5|0x0000000083700000, 0x0000000083700000, 0x0000000083800000|  0%| F|  |TAMS 0x0000000083700000| PB 0x0000000083700000| Untracked 
|   6|0x0000000083800000, 0x0000000083900000, 0x0000000083900000|100%| O|  |TAMS 0x0000000083800000| PB 0x0000000083800000| Untracked 
|   7|0x0000000083900000, 0x0000000083a00000, 0x0000000083a00000|100%| O|  |TAMS 0x0000000083900000| PB 0x0000000083900000| Untracked 
|   8|0x0000000083a00000, 0x0000000083b00000, 0x0000000083b00000|100%| O|  |TAMS 0x0000000083a00000| PB 0x0000000083a00000| Untracked 
|   9|0x0000000083b00000, 0x0000000083c00000, 0x0000000083c00000|100%| O|  |TAMS 0x0000000083b00000| PB 0x0000000083b00000| Untracked 
|  10|0x0000000083c00000, 0x0000000083c34c40, 0x0000000083d00000| 20%| O|  |TAMS 0x0000000083c00000| PB 0x0000000083c00000| Untracked 
|  11|0x0000000083d00000, 0x0000000083d00000, 0x0000000083e00000|  0%| F|  |TAMS 0x0000000083d00000| PB 0x0000000083d00000| Untracked 
|  12|0x0000000083e00000, 0x0000000083e00000, 0x0000000083f00000|  0%| F|  |TAMS 0x0000000083e00000| PB 0x0000000083e00000| Untracked 
|  13|0x0000000083f00000, 0x0000000083f00000, 0x0000000084000000|  0%| F|  |TAMS 0x0000000083f00000| PB 0x0000000083f00000| Untracked 
|  14|0x0000000084000000, 0x0000000084000000, 0x0000000084100000|  0%| F|  |TAMS 0x0000000084000000| PB 0x0000000084000000| Untracked 
|  15|0x0000000084100000, 0x0000000084100000, 0x0000000084200000|  0%| F|  |TAMS 0x0000000084100000| PB 0x0000000084100000| Untracked 
|  16|0x0000000084200000, 0x0000000084200000, 0x0000000084300000|  0%| F|  |TAMS 0x0000000084200000| PB 0x0000000084200000| Untracked 
|  17|0x0000000084300000, 0x0000000084300000, 0x0000000084400000|  0%| F|  |TAMS 0x0000000084300000| PB 0x0000000084300000| Untracked 
|  18|0x0000000084400000, 0x0000000084400000, 0x0000000084500000|  0%| F|  |TAMS 0x0000000084400000| PB 0x0000000084400000| Untracked 
|  19|0x0000000084500000, 0x0000000084500000, 0x0000000084600000|  0%| F|  |TAMS 0x0000000084500000| PB 0x0000000084500000| Untracked 
|  20|0x0000000084600000, 0x0000000084600000, 0x0000000084700000|  0%| F|  |TAMS 0x0000000084600000| PB 0x0000000084600000| Untracked 
|  21|0x0000000084700000, 0x0000000084700000, 0x0000000084800000|  0%| F|  |TAMS 0x0000000084700000| PB 0x0000000084700000| Untracked 
|  22|0x0000000084800000, 0x0000000084800000, 0x0000000084900000|  0%| F|  |TAMS 0x0000000084800000| PB 0x0000000084800000| Untracked 
|  23|0x0000000084900000, 0x0000000084900000, 0x0000000084a00000|  0%| F|  |TAMS 0x0000000084900000| PB 0x0000000084900000| Untracked 
|  24|0x0000000084a00000, 0x0000000084a00000, 0x0000000084b00000|  0%| F|  |TAMS 0x0000000084a00000| PB 0x0000000084a00000| Untracked 
|  25|0x0000000084b00000, 0x0000000084b00000, 0x0000000084c00000|  0%| F|  |TAMS 0x0000000084b00000| PB 0x0000000084b00000| Untracked 
|  26|0x0000000084c00000, 0x0000000084c00000, 0x0000000084d00000|  0%| F|  |TAMS 0x0000000084c00000| PB 0x0000000084c00000| Untracked 
|  27|0x0000000084d00000, 0x0000000084d00000, 0x0000000084e00000|  0%| F|  |TAMS 0x0000000084d00000| PB 0x0000000084d00000| Untracked 
|  28|0x0000000084e00000, 0x0000000084e00000, 0x0000000084f00000|  0%| F|  |TAMS 0x0000000084e00000| PB 0x0000000084e00000| Untracked 
|  29|0x0000000084f00000, 0x0000000084f00000, 0x0000000085000000|  0%| F|  |TAMS 0x0000000084f00000| PB 0x0000000084f00000| Untracked 
|  30|0x0000000085000000, 0x0000000085000000, 0x0000000085100000|  0%| F|  |TAMS 0x0000000085000000| PB 0x0000000085000000| Untracked 
|  31|0x0000000085100000, 0x0000000085100000, 0x0000000085200000|  0%| F|  |TAMS 0x0000000085100000| PB 0x0000000085100000| Untracked 
|  32|0x0000000085200000, 0x0000000085200000, 0x0000000085300000|  0%| F|  |TAMS 0x0000000085200000| PB 0x0000000085200000| Untracked 
|  33|0x0000000085300000, 0x0000000085300000, 0x0000000085400000|  0%| F|  |TAMS 0x0000000085300000| PB 0x0000000085300000| Untracked 
|  34|0x0000000085400000, 0x0000000085400000, 0x0000000085500000|  0%| F|  |TAMS 0x0000000085400000| PB 0x0000000085400000| Untracked 
|  35|0x0000000085500000, 0x0000000085500000, 0x0000000085600000|  0%| F|  |TAMS 0x0000000085500000| PB 0x0000000085500000| Untracked 
|  36|0x0000000085600000, 0x0000000085600000, 0x0000000085700000|  0%| F|  |TAMS 0x0000000085600000| PB 0x0000000085600000| Untracked 
|  37|0x0000000085700000, 0x0000000085700000, 0x0000000085800000|  0%| F|  |TAMS 0x0000000085700000| PB 0x0000000085700000| Untracked 
|  38|0x0000000085800000, 0x0000000085800000, 0x0000000085900000|  0%| F|  |TAMS 0x0000000085800000| PB 0x0000000085800000| Untracked 
|  39|0x0000000085900000, 0x0000000085900000, 0x0000000085a00000|  0%| F|  |TAMS 0x0000000085900000| PB 0x0000000085900000| Untracked 
|  40|0x0000000085a00000, 0x0000000085a00000, 0x0000000085b00000|  0%| F|  |TAMS 0x0000000085a00000| PB 0x0000000085a00000| Untracked 
|  41|0x0000000085b00000, 0x0000000085b00000, 0x0000000085c00000|  0%| F|  |TAMS 0x0000000085b00000| PB 0x0000000085b00000| Untracked 
|  42|0x0000000085c00000, 0x0000000085c00000, 0x0000000085d00000|  0%| F|  |TAMS 0x0000000085c00000| PB 0x0000000085c00000| Untracked 
|  43|0x0000000085d00000, 0x0000000085d00000, 0x0000000085e00000|  0%| F|  |TAMS 0x0000000085d00000| PB 0x0000000085d00000| Untracked 
|  44|0x0000000085e00000, 0x0000000085e00000, 0x0000000085f00000|  0%| F|  |TAMS 0x0000000085e00000| PB 0x0000000085e00000| Untracked 
|  45|0x0000000085f00000, 0x0000000085f00000, 0x0000000086000000|  0%| F|  |TAMS 0x0000000085f00000| PB 0x0000000085f00000| Untracked 
|  46|0x0000000086000000, 0x0000000086000000, 0x0000000086100000|  0%| F|  |TAMS 0x0000000086000000| PB 0x0000000086000000| Untracked 
|  47|0x0000000086100000, 0x0000000086100000, 0x0000000086200000|  0%| F|  |TAMS 0x0000000086100000| PB 0x0000000086100000| Untracked 
|  48|0x0000000086200000, 0x0000000086200000, 0x0000000086300000|  0%| F|  |TAMS 0x0000000086200000| PB 0x0000000086200000| Untracked 
|  49|0x0000000086300000, 0x0000000086300000, 0x0000000086400000|  0%| F|  |TAMS 0x0000000086300000| PB 0x0000000086300000| Untracked 
|  50|0x0000000086400000, 0x0000000086400000, 0x0000000086500000|  0%| F|  |TAMS 0x0000000086400000| PB 0x0000000086400000| Untracked 
|  51|0x0000000086500000, 0x0000000086500000, 0x0000000086600000|  0%| F|  |TAMS 0x0000000086500000| PB 0x0000000086500000| Untracked 
|  52|0x0000000086600000, 0x0000000086600000, 0x0000000086700000|  0%| F|  |TAMS 0x0000000086600000| PB 0x0000000086600000| Untracked 
|  53|0x0000000086700000, 0x0000000086700000, 0x0000000086800000|  0%| F|  |TAMS 0x0000000086700000| PB 0x0000000086700000| Untracked 
|  54|0x0000000086800000, 0x0000000086800000, 0x0000000086900000|  0%| F|  |TAMS 0x0000000086800000| PB 0x0000000086800000| Untracked 
|  55|0x0000000086900000, 0x0000000086900000, 0x0000000086a00000|  0%| F|  |TAMS 0x0000000086900000| PB 0x0000000086900000| Untracked 
|  56|0x0000000086a00000, 0x0000000086a00000, 0x0000000086b00000|  0%| F|  |TAMS 0x0000000086a00000| PB 0x0000000086a00000| Untracked 
|  57|0x0000000086b00000, 0x0000000086b00000, 0x0000000086c00000|  0%| F|  |TAMS 0x0000000086b00000| PB 0x0000000086b00000| Untracked 
|  58|0x0000000086c00000, 0x0000000086c00000, 0x0000000086d00000|  0%| F|  |TAMS 0x0000000086c00000| PB 0x0000000086c00000| Untracked 
|  59|0x0000000086d00000, 0x0000000086d00000, 0x0000000086e00000|  0%| F|  |TAMS 0x0000000086d00000| PB 0x0000000086d00000| Untracked 
|  60|0x0000000086e00000, 0x0000000086e00000, 0x0000000086f00000|  0%| F|  |TAMS 0x0000000086e00000| PB 0x0000000086e00000| Untracked 
|  61|0x0000000086f00000, 0x0000000086f00000, 0x0000000087000000|  0%| F|  |TAMS 0x0000000086f00000| PB 0x0000000086f00000| Untracked 
|  62|0x0000000087000000, 0x0000000087000000, 0x0000000087100000|  0%| F|  |TAMS 0x0000000087000000| PB 0x0000000087000000| Untracked 
|  63|0x0000000087100000, 0x0000000087100000, 0x0000000087200000|  0%| F|  |TAMS 0x0000000087100000| PB 0x0000000087100000| Untracked 
|  64|0x0000000087200000, 0x0000000087200000, 0x0000000087300000|  0%| F|  |TAMS 0x0000000087200000| PB 0x0000000087200000| Untracked 
|  65|0x0000000087300000, 0x0000000087300000, 0x0000000087400000|  0%| F|  |TAMS 0x0000000087300000| PB 0x0000000087300000| Untracked 
|  66|0x0000000087400000, 0x0000000087400000, 0x0000000087500000|  0%| F|  |TAMS 0x0000000087400000| PB 0x0000000087400000| Untracked 
|  67|0x0000000087500000, 0x0000000087500000, 0x0000000087600000|  0%| F|  |TAMS 0x0000000087500000| PB 0x0000000087500000| Untracked 
|  68|0x0000000087600000, 0x0000000087600000, 0x0000000087700000|  0%| F|  |TAMS 0x0000000087600000| PB 0x0000000087600000| Untracked 
|  69|0x0000000087700000, 0x0000000087700000, 0x0000000087800000|  0%| F|  |TAMS 0x0000000087700000| PB 0x0000000087700000| Untracked 
|  70|0x0000000087800000, 0x0000000087800000, 0x0000000087900000|  0%| F|  |TAMS 0x0000000087800000| PB 0x0000000087800000| Untracked 
|  71|0x0000000087900000, 0x0000000087900000, 0x0000000087a00000|  0%| F|  |TAMS 0x0000000087900000| PB 0x0000000087900000| Untracked 
|  72|0x0000000087a00000, 0x0000000087a00000, 0x0000000087b00000|  0%| F|  |TAMS 0x0000000087a00000| PB 0x0000000087a00000| Untracked 
|  73|0x0000000087b00000, 0x0000000087b00000, 0x0000000087c00000|  0%| F|  |TAMS 0x0000000087b00000| PB 0x0000000087b00000| Untracked 
|  74|0x0000000087c00000, 0x0000000087c00000, 0x0000000087d00000|  0%| F|  |TAMS 0x0000000087c00000| PB 0x0000000087c00000| Untracked 
|  75|0x0000000087d00000, 0x0000000087d00000, 0x0000000087e00000|  0%| F|  |TAMS 0x0000000087d00000| PB 0x0000000087d00000| Untracked 
|  76|0x0000000087e00000, 0x0000000087e00000, 0x0000000087f00000|  0%| F|  |TAMS 0x0000000087e00000| PB 0x0000000087e00000| Untracked 
|  77|0x0000000087f00000, 0x0000000087f00000, 0x0000000088000000|  0%| F|  |TAMS 0x0000000087f00000| PB 0x0000000087f00000| Untracked 
|  78|0x0000000088000000, 0x0000000088000000, 0x0000000088100000|  0%| F|  |TAMS 0x0000000088000000| PB 0x0000000088000000| Untracked 
|  79|0x0000000088100000, 0x0000000088100000, 0x0000000088200000|  0%| F|  |TAMS 0x0000000088100000| PB 0x0000000088100000| Untracked 
|  80|0x0000000088200000, 0x0000000088200000, 0x0000000088300000|  0%| F|  |TAMS 0x0000000088200000| PB 0x0000000088200000| Untracked 
|  81|0x0000000088300000, 0x0000000088300000, 0x0000000088400000|  0%| F|  |TAMS 0x0000000088300000| PB 0x0000000088300000| Untracked 
|  82|0x0000000088400000, 0x0000000088400000, 0x0000000088500000|  0%| F|  |TAMS 0x0000000088400000| PB 0x0000000088400000| Untracked 
|  83|0x0000000088500000, 0x0000000088500000, 0x0000000088600000|  0%| F|  |TAMS 0x0000000088500000| PB 0x0000000088500000| Untracked 
|  84|0x0000000088600000, 0x0000000088600000, 0x0000000088700000|  0%| F|  |TAMS 0x0000000088600000| PB 0x0000000088600000| Untracked 
|  85|0x0000000088700000, 0x0000000088700000, 0x0000000088800000|  0%| F|  |TAMS 0x0000000088700000| PB 0x0000000088700000| Untracked 
|  86|0x0000000088800000, 0x0000000088800000, 0x0000000088900000|  0%| F|  |TAMS 0x0000000088800000| PB 0x0000000088800000| Untracked 
|  87|0x0000000088900000, 0x0000000088900000, 0x0000000088a00000|  0%| F|  |TAMS 0x0000000088900000| PB 0x0000000088900000| Untracked 
|  88|0x0000000088a00000, 0x0000000088a00000, 0x0000000088b00000|  0%| F|  |TAMS 0x0000000088a00000| PB 0x0000000088a00000| Untracked 
|  89|0x0000000088b00000, 0x0000000088b00000, 0x0000000088c00000|  0%| F|  |TAMS 0x0000000088b00000| PB 0x0000000088b00000| Untracked 
|  90|0x0000000088c00000, 0x0000000088c00000, 0x0000000088d00000|  0%| F|  |TAMS 0x0000000088c00000| PB 0x0000000088c00000| Untracked 
|  91|0x0000000088d00000, 0x0000000088e00000, 0x0000000088e00000|100%| S|CS|TAMS 0x0000000088d00000| PB 0x0000000088d00000| Complete 
|  92|0x0000000088e00000, 0x0000000088f00000, 0x0000000088f00000|100%| S|CS|TAMS 0x0000000088e00000| PB 0x0000000088e00000| Complete 
|  93|0x0000000088f00000, 0x0000000089000000, 0x0000000089000000|100%| S|CS|TAMS 0x0000000088f00000| PB 0x0000000088f00000| Complete 
|  94|0x0000000089000000, 0x0000000089100000, 0x0000000089100000|100%| S|CS|TAMS 0x0000000089000000| PB 0x0000000089000000| Complete 
|  95|0x0000000089100000, 0x0000000089100000, 0x0000000089200000|  0%| F|  |TAMS 0x0000000089100000| PB 0x0000000089100000| Untracked 
|  96|0x0000000089200000, 0x0000000089200000, 0x0000000089300000|  0%| F|  |TAMS 0x0000000089200000| PB 0x0000000089200000| Untracked 
|  97|0x0000000089300000, 0x0000000089300000, 0x0000000089400000|  0%| F|  |TAMS 0x0000000089300000| PB 0x0000000089300000| Untracked 
|  98|0x0000000089400000, 0x0000000089400000, 0x0000000089500000|  0%| F|  |TAMS 0x0000000089400000| PB 0x0000000089400000| Untracked 
|  99|0x0000000089500000, 0x0000000089500000, 0x0000000089600000|  0%| F|  |TAMS 0x0000000089500000| PB 0x0000000089500000| Untracked 
| 100|0x0000000089600000, 0x0000000089600000, 0x0000000089700000|  0%| F|  |TAMS 0x0000000089600000| PB 0x0000000089600000| Untracked 
| 101|0x0000000089700000, 0x0000000089700000, 0x0000000089800000|  0%| F|  |TAMS 0x0000000089700000| PB 0x0000000089700000| Untracked 
| 102|0x0000000089800000, 0x0000000089800000, 0x0000000089900000|  0%| F|  |TAMS 0x0000000089800000| PB 0x0000000089800000| Untracked 
| 103|0x0000000089900000, 0x0000000089900000, 0x0000000089a00000|  0%| F|  |TAMS 0x0000000089900000| PB 0x0000000089900000| Untracked 
| 104|0x0000000089a00000, 0x0000000089a00000, 0x0000000089b00000|  0%| F|  |TAMS 0x0000000089a00000| PB 0x0000000089a00000| Untracked 
| 105|0x0000000089b00000, 0x0000000089ba4cd0, 0x0000000089c00000| 64%| E|  |TAMS 0x0000000089b00000| PB 0x0000000089b00000| Complete 
| 106|0x0000000089c00000, 0x0000000089d00000, 0x0000000089d00000|100%| E|CS|TAMS 0x0000000089c00000| PB 0x0000000089c00000| Complete 
| 107|0x0000000089d00000, 0x0000000089e00000, 0x0000000089e00000|100%| E|CS|TAMS 0x0000000089d00000| PB 0x0000000089d00000| Complete 
| 108|0x0000000089e00000, 0x0000000089f00000, 0x0000000089f00000|100%| E|  |TAMS 0x0000000089e00000| PB 0x0000000089e00000| Complete 
| 109|0x0000000089f00000, 0x000000008a000000, 0x000000008a000000|100%| E|CS|TAMS 0x0000000089f00000| PB 0x0000000089f00000| Complete 
| 110|0x000000008a000000, 0x000000008a100000, 0x000000008a100000|100%| E|CS|TAMS 0x000000008a000000| PB 0x000000008a000000| Complete 
| 111|0x000000008a100000, 0x000000008a200000, 0x000000008a200000|100%| E|CS|TAMS 0x000000008a100000| PB 0x000000008a100000| Complete 
| 112|0x000000008a200000, 0x000000008a300000, 0x000000008a300000|100%| E|CS|TAMS 0x000000008a200000| PB 0x000000008a200000| Complete 
| 113|0x000000008a300000, 0x000000008a400000, 0x000000008a400000|100%| E|CS|TAMS 0x000000008a300000| PB 0x000000008a300000| Complete 
| 114|0x000000008a400000, 0x000000008a500000, 0x000000008a500000|100%| E|CS|TAMS 0x000000008a400000| PB 0x000000008a400000| Complete 
| 115|0x000000008a500000, 0x000000008a600000, 0x000000008a600000|100%| E|CS|TAMS 0x000000008a500000| PB 0x000000008a500000| Complete 
| 116|0x000000008a600000, 0x000000008a700000, 0x000000008a700000|100%| E|CS|TAMS 0x000000008a600000| PB 0x000000008a600000| Complete 
| 117|0x000000008a700000, 0x000000008a800000, 0x000000008a800000|100%| E|CS|TAMS 0x000000008a700000| PB 0x000000008a700000| Complete 
| 118|0x000000008a800000, 0x000000008a900000, 0x000000008a900000|100%| E|CS|TAMS 0x000000008a800000| PB 0x000000008a800000| Complete 
| 119|0x000000008a900000, 0x000000008aa00000, 0x000000008aa00000|100%| E|CS|TAMS 0x000000008a900000| PB 0x000000008a900000| Complete 
| 120|0x000000008aa00000, 0x000000008ab00000, 0x000000008ab00000|100%| E|CS|TAMS 0x000000008aa00000| PB 0x000000008aa00000| Complete 
| 121|0x000000008ab00000, 0x000000008ac00000, 0x000000008ac00000|100%| E|CS|TAMS 0x000000008ab00000| PB 0x000000008ab00000| Complete 
| 122|0x000000008ac00000, 0x000000008ad00000, 0x000000008ad00000|100%| E|CS|TAMS 0x000000008ac00000| PB 0x000000008ac00000| Complete 
| 123|0x000000008ad00000, 0x000000008ae00000, 0x000000008ae00000|100%| E|CS|TAMS 0x000000008ad00000| PB 0x000000008ad00000| Complete 
| 124|0x000000008ae00000, 0x000000008af00000, 0x000000008af00000|100%| E|CS|TAMS 0x000000008ae00000| PB 0x000000008ae00000| Complete 
| 125|0x000000008af00000, 0x000000008b000000, 0x000000008b000000|100%| E|CS|TAMS 0x000000008af00000| PB 0x000000008af00000| Complete 

Card table byte_map: [0x0000029646270000,0x0000029646660000] _byte_map_base: 0x0000029645e57000

Marking Bits: (CMBitMap*) 0x000002962e742f40
 Bits: [0x0000029646660000, 0x0000029648598000)

Polling page: 0x000002962deb0000

Metaspace:

Usage:
  Non-class:     16.15 MB used.
      Class:      2.00 MB used.
       Both:     18.16 MB used.

Virtual space:
  Non-class space:       64.00 MB reserved,      16.44 MB ( 26%) committed,  1 nodes.
      Class space:        1.00 GB reserved,       2.25 MB ( <1%) committed,  1 nodes.
             Both:        1.06 GB reserved,      18.69 MB (  2%) committed. 

Chunk freelists:
   Non-Class:  14.69 MB
       Class:  13.61 MB
        Both:  28.30 MB

MaxMetaspaceSize: unlimited
CompressedClassSpaceSize: 1.00 GB
Initial GC threshold: 21.00 MB
Current GC threshold: 21.00 MB
CDS: on
 - commit_granule_bytes: 65536.
 - commit_granule_words: 8192.
 - virtual_space_node_default_size: 8388608.
 - enlarge_chunks_in_place: 1.
 - use_allocation_guard: 0.


Internal statistics:

num_allocs_failed_limit: 0.
num_arena_births: 500.
num_arena_deaths: 0.
num_vsnodes_births: 2.
num_vsnodes_deaths: 0.
num_space_committed: 299.
num_space_uncommitted: 0.
num_chunks_returned_to_freelist: 0.
num_chunks_taken_from_freelist: 1171.
num_chunk_merges: 0.
num_chunk_splits: 733.
num_chunks_enlarged: 438.
num_inconsistent_stats: 0.

CodeHeap 'non-profiled nmethods': size=120000Kb used=960Kb max_used=960Kb free=119039Kb
 bounds [0x000002963e620000, 0x000002963e890000, 0x0000029645b50000]
CodeHeap 'profiled nmethods': size=120000Kb used=5018Kb max_used=5018Kb free=114981Kb
 bounds [0x0000029636b50000, 0x0000029637040000, 0x000002963e080000]
CodeHeap 'non-nmethods': size=5760Kb used=2844Kb max_used=2867Kb free=2915Kb
 bounds [0x000002963e080000, 0x000002963e360000, 0x000002963e620000]
 total_blobs=3360 nmethods=2581 adapters=683
 compilation: enabled
              stopped_count=0, restarted_count=0
 full_count=0

Compilation events (20 events):
Event: 1.200 Thread 0x000002964aff9e10 2506       1       java.util.zip.ZipEntry::getName (5 bytes)
Event: 1.200 Thread 0x000002964aff9e10 nmethod 2506 0x000002963e707410 code [0x000002963e7075a0, 0x000002963e707668]
Event: 1.202 Thread 0x000002964aff9e10 2507       3       java.lang.CharacterData::of (136 bytes)
Event: 1.202 Thread 0x000002964aff9e10 nmethod 2507 0x000002963700af10 code [0x000002963700b160, 0x000002963700ba30]
Event: 1.224 Thread 0x000002964aff9e10 2508       3       sun.nio.fs.WindowsPathParser::isSlash (18 bytes)
Event: 1.224 Thread 0x000002964aff9e10 nmethod 2508 0x000002963700bc10 code [0x000002963700bda0, 0x000002963700bf18]
Event: 1.232 Thread 0x000002964aff9e10 2509       3       jdk.internal.misc.CarrierThreadLocal::get (10 bytes)
Event: 1.233 Thread 0x000002964aff9e10 nmethod 2509 0x000002963700bf90 code [0x000002963700c160, 0x000002963700c420]
Event: 1.233 Thread 0x000002964aff9e10 2510       3       java.lang.System$2::getCarrierThreadLocal (5 bytes)
Event: 1.233 Thread 0x000002964aff9e10 nmethod 2510 0x000002963700c510 code [0x000002963700c6c0, 0x000002963700c918]
Event: 1.233 Thread 0x000002964aff9e10 2511       3       java.lang.ThreadLocal::getCarrierThreadLocal (29 bytes)
Event: 1.233 Thread 0x000002964aff9e10 nmethod 2511 0x000002963700ca10 code [0x000002963700cbc0, 0x000002963700cd28]
Event: 1.233 Thread 0x000002964aff9e10 2512       1       sun.nio.fs.NativeBuffer::setOwner (6 bytes)
Event: 1.233 Thread 0x000002964aff9e10 nmethod 2512 0x000002963e707710 code [0x000002963e7078a0, 0x000002963e7079b0]
Event: 1.233 Thread 0x000002964aff9e10 2513       1       sun.nio.fs.NativeBuffer::size (5 bytes)
Event: 1.234 Thread 0x000002964aff9e10 nmethod 2513 0x000002963e707a10 code [0x000002963e707ba0, 0x000002963e707c68]
Event: 1.234 Thread 0x000002964aff9e10 2514       3       java.nio.ByteBuffer::position (8 bytes)
Event: 1.235 Thread 0x000002964aff9e10 nmethod 2514 0x000002963700ce10 code [0x000002963700cfc0, 0x000002963700d110]
Event: 1.238 Thread 0x000002964aff9e10 2516       3       java.lang.reflect.Method::isCallerSensitive (38 bytes)
Event: 1.239 Thread 0x000002964aff9e10 nmethod 2516 0x000002963700d190 code [0x000002963700d3e0, 0x000002963700dd80]

GC Heap History (4 events):
Event: 0.578 GC heap before
{Heap before GC invocations=0 (full 0):
 garbage-first heap   total 129024K, used 22528K [0x0000000083200000, 0x0000000100000000)
  region size 1024K, 23 young (23552K), 0 survivors (0K)
 Metaspace       used 7542K, committed 7808K, reserved 1114112K
  class space    used 832K, committed 960K, reserved 1048576K
}
Event: 0.582 GC heap after
{Heap after GC invocations=1 (full 0):
 garbage-first heap   total 129024K, used 5856K [0x0000000083200000, 0x0000000100000000)
  region size 1024K, 3 young (3072K), 3 survivors (3072K)
 Metaspace       used 7542K, committed 7808K, reserved 1114112K
  class space    used 832K, committed 960K, reserved 1048576K
}
Event: 1.055 GC heap before
{Heap before GC invocations=1 (full 0):
 garbage-first heap   total 129024K, used 36576K [0x0000000083200000, 0x0000000100000000)
  region size 1024K, 31 young (31744K), 3 survivors (3072K)
 Metaspace       used 14104K, committed 14528K, reserved 1114112K
  class space    used 1517K, committed 1728K, reserved 1048576K
}
Event: 1.062 GC heap after
{Heap after GC invocations=2 (full 0):
 garbage-first heap   total 129024K, used 11475K [0x0000000083200000, 0x0000000100000000)
  region size 1024K, 4 young (4096K), 4 survivors (4096K)
 Metaspace       used 14104K, committed 14528K, reserved 1114112K
  class space    used 1517K, committed 1728K, reserved 1048576K
}

Dll operation events (9 events):
Event: 0.005 Loaded shared library C:\Program Files\Java\jdk-21\bin\java.dll
Event: 0.029 Loaded shared library C:\Program Files\Java\jdk-21\bin\jsvml.dll
Event: 0.040 Loaded shared library C:\Program Files\Java\jdk-21\bin\net.dll
Event: 0.041 Loaded shared library C:\Program Files\Java\jdk-21\bin\nio.dll
Event: 0.043 Loaded shared library C:\Program Files\Java\jdk-21\bin\zip.dll
Event: 0.077 Loaded shared library C:\Program Files\Java\jdk-21\bin\management.dll
Event: 0.082 Loaded shared library C:\Program Files\Java\jdk-21\bin\management_ext.dll
Event: 0.095 Loaded shared library C:\Program Files\Java\jdk-21\bin\jimage.dll
Event: 0.515 Loaded shared library C:\Program Files\Java\jdk-21\bin\verify.dll

Deoptimization events (20 events):
Event: 1.115 Thread 0x00000296913a0480 Uncommon trap: trap_request=0xffffff45 fr.pc=0x000002963e6f22e4 relative=0x00000000000017a4
Event: 1.115 Thread 0x00000296913a0480 Uncommon trap: reason=unstable_if action=reinterpret pc=0x000002963e6f22e4 method=groovy.lang.MetaClassImpl.checkIfStdMethod(Lgroovy/lang/MetaMethod;)V @ 167 c2
Event: 1.115 Thread 0x00000296913a0480 DEOPT PACKING pc=0x000002963e6f22e4 sp=0x000000afe0dfb960
Event: 1.115 Thread 0x00000296913a0480 DEOPT UNPACKING pc=0x000002963e0d7da2 sp=0x000000afe0dfb8d0 mode 2
Event: 1.117 Thread 0x00000296913a0480 Uncommon trap: trap_request=0xffffff45 fr.pc=0x000002963e6f5444 relative=0x0000000000000ee4
Event: 1.117 Thread 0x00000296913a0480 Uncommon trap: reason=unstable_if action=reinterpret pc=0x000002963e6f5444 method=groovy.lang.MetaClassImpl.checkIfStdMethod(Lgroovy/lang/MetaMethod;)V @ 167 c2
Event: 1.117 Thread 0x00000296913a0480 DEOPT PACKING pc=0x000002963e6f5444 sp=0x000000afe0dfb8f0
Event: 1.117 Thread 0x00000296913a0480 DEOPT UNPACKING pc=0x000002963e0d7da2 sp=0x000000afe0dfb8c8 mode 2
Event: 1.177 Thread 0x000002969139ea40 Uncommon trap: trap_request=0xffffff45 fr.pc=0x000002963e6b4474 relative=0x0000000000000054
Event: 1.177 Thread 0x000002969139ea40 Uncommon trap: reason=unstable_if action=reinterpret pc=0x000002963e6b4474 method=java.lang.CharacterData.of(I)Ljava/lang/CharacterData; @ 4 c2
Event: 1.177 Thread 0x000002969139ea40 DEOPT PACKING pc=0x000002963e6b4474 sp=0x000000afe0efb450
Event: 1.177 Thread 0x000002969139ea40 DEOPT UNPACKING pc=0x000002963e0d7da2 sp=0x000000afe0efb3f0 mode 2
Event: 1.224 Thread 0x000002964aff4170 Uncommon trap: trap_request=0xffffff45 fr.pc=0x000002963e6381ec relative=0x000000000000004c
Event: 1.224 Thread 0x000002964aff4170 Uncommon trap: reason=unstable_if action=reinterpret pc=0x000002963e6381ec method=sun.nio.fs.WindowsPathParser.isSlash(C)Z @ 9 c2
Event: 1.224 Thread 0x000002964aff4170 DEOPT PACKING pc=0x000002963e6381ec sp=0x000000afe0bfed10
Event: 1.224 Thread 0x000002964aff4170 DEOPT UNPACKING pc=0x000002963e0d7da2 sp=0x000000afe0bfec98 mode 2
Event: 1.239 Thread 0x000002964aff4800 Uncommon trap: trap_request=0xffffff45 fr.pc=0x000002963e662d2c relative=0x000000000000008c
Event: 1.239 Thread 0x000002964aff4800 Uncommon trap: reason=unstable_if action=reinterpret pc=0x000002963e662d2c method=jdk.internal.misc.Unsafe.convEndian(ZI)I @ 4 c2
Event: 1.239 Thread 0x000002964aff4800 DEOPT PACKING pc=0x000002963e662d2c sp=0x000000afe09fe000
Event: 1.239 Thread 0x000002964aff4800 DEOPT UNPACKING pc=0x000002963e0d7da2 sp=0x000000afe09fdf30 mode 2

Classes loaded (20 events):
Event: 1.238 Loading class java/nio/file/attribute/PosixFilePermissions
Event: 1.238 Loading class java/nio/file/attribute/PosixFilePermissions done
Event: 1.238 Loading class java/nio/file/attribute/PosixFilePermission
Event: 1.238 Loading class java/nio/file/attribute/PosixFilePermission done
Event: 1.238 Loading class java/nio/ByteBufferAsIntBufferL
Event: 1.238 Loading class java/nio/ByteBufferAsIntBufferL done
Event: 1.239 Loading class sun/nio/fs/WindowsFileSystemProvider$1
Event: 1.239 Loading class sun/nio/fs/WindowsFileSystemProvider$1 done
Event: 1.239 Loading class sun/nio/fs/WindowsChannelFactory
Event: 1.239 Loading class sun/nio/fs/WindowsChannelFactory done
Event: 1.239 Loading class jdk/internal/jrtfs/JrtFileAttributes
Event: 1.239 Loading class sun/nio/fs/WindowsChannelFactory$1
Event: 1.239 Loading class sun/nio/fs/WindowsChannelFactory$1 done
Event: 1.239 Loading class jdk/internal/jrtfs/JrtFileAttributes done
Event: 1.239 Loading class sun/nio/fs/WindowsChannelFactory$Flags
Event: 1.239 Loading class jdk/internal/jrtfs/JrtDirectoryStream
Event: 1.239 Loading class sun/nio/fs/WindowsChannelFactory$Flags done
Event: 1.239 Loading class jdk/internal/jrtfs/JrtDirectoryStream done
Event: 1.239 Loading class java/nio/file/FileTreeWalker$DirectoryNode
Event: 1.240 Loading class java/nio/file/FileTreeWalker$DirectoryNode done

Classes unloaded (0 events):
No events

Classes redefined (0 events):
No events

Internal exceptions (20 events):
Event: 1.138 Thread 0x00000296913a0480 Exception <a 'java/lang/ClassNotFoundException'{0x000000008a8bd4a0}: java/lang/NumberCustomizer> (0x000000008a8bd4a0) 
thrown [s\open\src\hotspot\share\classfile\systemDictionary.cpp, line 312]
Event: 1.138 Thread 0x00000296913a0480 Exception <a 'java/lang/ClassNotFoundException'{0x000000008a8c16f0}: java/lang/IntegerCustomizer> (0x000000008a8c16f0) 
thrown [s\open\src\hotspot\share\classfile\systemDictionary.cpp, line 312]
Event: 1.145 Thread 0x00000296913a0480 Exception <a 'java/lang/ClassNotFoundException'{0x000000008a722a58}: io/restassured/internal/support/PathSupportBeanInfo> (0x000000008a722a58) 
thrown [s\open\src\hotspot\share\classfile\systemDictionary.cpp, line 312]
Event: 1.145 Thread 0x00000296913a0480 Exception <a 'java/lang/ClassNotFoundException'{0x000000008a7264b0}: io/restassured/internal/support/PathSupportCustomizer> (0x000000008a7264b0) 
thrown [s\open\src\hotspot\share\classfile\systemDictionary.cpp, line 312]
Event: 1.149 Thread 0x00000296913a0480 Exception <a 'java/lang/ClassNotFoundException'{0x000000008a78c270}: java/net/URLBeanInfo> (0x000000008a78c270) 
thrown [s\open\src\hotspot\share\classfile\systemDictionary.cpp, line 312]
Event: 1.149 Thread 0x00000296913a0480 Exception <a 'java/lang/ClassNotFoundException'{0x000000008a78d9d8}: java/net/URLCustomizer> (0x000000008a78d9d8) 
thrown [s\open\src\hotspot\share\classfile\systemDictionary.cpp, line 312]
Event: 1.156 Thread 0x00000296913a0480 Exception <a 'java/lang/ClassNotFoundException'{0x000000008a628a10}: java/lang/StringBuilderBeanInfo> (0x000000008a628a10) 
thrown [s\open\src\hotspot\share\classfile\systemDictionary.cpp, line 312]
Event: 1.156 Thread 0x00000296913a0480 Exception <a 'java/lang/ClassNotFoundException'{0x000000008a62a748}: java/lang/AbstractStringBuilderBeanInfo> (0x000000008a62a748) 
thrown [s\open\src\hotspot\share\classfile\systemDictionary.cpp, line 312]
Event: 1.156 Thread 0x00000296913a0480 Exception <a 'java/lang/ClassNotFoundException'{0x000000008a62c470}: java/lang/AbstractStringBuilderCustomizer> (0x000000008a62c470) 
thrown [s\open\src\hotspot\share\classfile\systemDictionary.cpp, line 312]
Event: 1.163 Thread 0x00000296913a0480 Exception <a 'java/lang/ClassNotFoundException'{0x000000008a50c758}: java/lang/StringBuilderCustomizer> (0x000000008a50c758) 
thrown [s\open\src\hotspot\share\classfile\systemDictionary.cpp, line 312]
Event: 1.169 Thread 0x00000296913a0480 Exception <a 'java/lang/ClassNotFoundException'{0x000000008a5af068}: java/net/URIBeanInfo> (0x000000008a5af068) 
thrown [s\open\src\hotspot\share\classfile\systemDictionary.cpp, line 312]
Event: 1.169 Thread 0x00000296913a0480 Exception <a 'java/lang/ClassNotFoundException'{0x000000008a5b07d0}: java/net/URICustomizer> (0x000000008a5b07d0) 
thrown [s\open\src\hotspot\share\classfile\systemDictionary.cpp, line 312]
Event: 1.174 Thread 0x00000296913a0480 Exception <a 'java/lang/ClassNotFoundException'{0x000000008a402150}: java/lang/BooleanBeanInfo> (0x000000008a402150) 
thrown [s\open\src\hotspot\share\classfile\systemDictionary.cpp, line 312]
Event: 1.174 Thread 0x00000296913a0480 Exception <a 'java/lang/ClassNotFoundException'{0x000000008a4038d8}: java/lang/BooleanCustomizer> (0x000000008a4038d8) 
thrown [s\open\src\hotspot\share\classfile\systemDictionary.cpp, line 312]
Event: 1.178 Thread 0x00000296913a0480 Exception <a 'java/lang/ClassNotFoundException'{0x000000008a429f18}: groovy/lang/GString$1BeanInfo> (0x000000008a429f18) 
thrown [s\open\src\hotspot\share\classfile\systemDictionary.cpp, line 312]
Event: 1.178 Thread 0x00000296913a0480 Exception <a 'java/lang/ClassNotFoundException'{0x000000008a42dbd0}: groovy/lang/GStringBeanInfo> (0x000000008a42dbd0) 
thrown [s\open\src\hotspot\share\classfile\systemDictionary.cpp, line 312]
Event: 1.178 Thread 0x00000296913a0480 Exception <a 'java/lang/ClassNotFoundException'{0x000000008a4315a0}: groovy/lang/GStringCustomizer> (0x000000008a4315a0) 
thrown [s\open\src\hotspot\share\classfile\systemDictionary.cpp, line 312]
Event: 1.179 Thread 0x00000296913a0480 Exception <a 'java/lang/ClassNotFoundException'{0x000000008a4a3db8}: groovy/lang/GString$1Customizer> (0x000000008a4a3db8) 
thrown [s\open\src\hotspot\share\classfile\systemDictionary.cpp, line 312]
Event: 1.190 Thread 0x00000296913a0480 Exception <a 'java/lang/ClassNotFoundException'{0x000000008a324190}: org/codehaus/groovy/runtime/GStringImplBeanInfo> (0x000000008a324190) 
thrown [s\open\src\hotspot\share\classfile\systemDictionary.cpp, line 312]
Event: 1.190 Thread 0x00000296913a0480 Exception <a 'java/lang/ClassNotFoundException'{0x000000008a327ba8}: org/codehaus/groovy/runtime/GStringImplCustomizer> (0x000000008a327ba8) 
thrown [s\open\src\hotspot\share\classfile\systemDictionary.cpp, line 312]

ZGC Phase Switch (0 events):
No events

VM Operations (20 events):
Event: 0.349 Executing VM operation: HandshakeAllThreads (Deoptimize)
Event: 0.349 Executing VM operation: HandshakeAllThreads (Deoptimize) done
Event: 0.510 Executing VM operation: ICBufferFull
Event: 0.510 Executing VM operation: ICBufferFull done
Event: 0.529 Executing VM operation: HandshakeAllThreads (Deoptimize)
Event: 0.529 Executing VM operation: HandshakeAllThreads (Deoptimize) done
Event: 0.578 Executing VM operation: G1CollectForAllocation (G1 Evacuation Pause)
Event: 0.583 Executing VM operation: G1CollectForAllocation (G1 Evacuation Pause) done
Event: 0.768 Executing VM operation: HandshakeAllThreads (Deoptimize)
Event: 0.768 Executing VM operation: HandshakeAllThreads (Deoptimize) done
Event: 0.853 Executing VM operation: ICBufferFull
Event: 0.853 Executing VM operation: ICBufferFull done
Event: 0.853 Executing VM operation: ICBufferFull
Event: 0.853 Executing VM operation: ICBufferFull done
Event: 1.054 Executing VM operation: G1CollectForAllocation (G1 Evacuation Pause)
Event: 1.062 Executing VM operation: G1CollectForAllocation (G1 Evacuation Pause) done
Event: 1.228 Executing VM operation: HandshakeAllThreads (Deoptimize)
Event: 1.228 Executing VM operation: HandshakeAllThreads (Deoptimize) done
Event: 1.239 Executing VM operation: HandshakeAllThreads (Deoptimize)
Event: 1.239 Executing VM operation: HandshakeAllThreads (Deoptimize) done

Events (20 events):
Event: 0.026 Thread 0x000002964afdbf90 Thread added: 0x000002964afdbf90
Event: 0.027 Thread 0x000002964afdfed0 Thread added: 0x000002964afdfed0
Event: 0.027 Thread 0x000002964afe0b90 Thread added: 0x000002964afe0b90
Event: 0.027 Thread 0x000002964afec630 Thread added: 0x000002964afec630
Event: 0.027 Thread 0x000002964aff1380 Thread added: 0x000002964aff1380
Event: 0.027 Thread 0x000002964aff9370 Thread added: 0x000002964aff9370
Event: 0.027 Thread 0x000002964aff9e10 Thread added: 0x000002964aff9e10
Event: 0.037 Thread 0x000002964aff1a10 Thread added: 0x000002964aff1a10
Event: 0.037 Thread 0x000002964aff20a0 Thread added: 0x000002964aff20a0
Event: 0.152 Thread 0x000002964aff3450 Thread added: 0x000002964aff3450
Event: 0.339 Thread 0x000002964b6f5e60 Thread added: 0x000002964b6f5e60
Event: 0.470 Thread 0x000002964aff2730 Thread added: 0x000002964aff2730
Event: 0.470 Thread 0x000002964aff2dc0 Thread added: 0x000002964aff2dc0
Event: 0.471 Thread 0x000002964aff4800 Thread added: 0x000002964aff4800
Event: 0.471 Thread 0x000002964aff3ae0 Thread added: 0x000002964aff3ae0
Event: 0.471 Thread 0x000002964aff4170 Thread added: 0x000002964aff4170
Event: 0.497 Thread 0x000002969139dd20 Thread added: 0x000002969139dd20
Event: 0.497 Thread 0x00000296913a0480 Thread added: 0x00000296913a0480
Event: 0.497 Thread 0x000002969139ea40 Thread added: 0x000002969139ea40
Event: 0.551 Thread 0x0000029691471820 Thread added: 0x0000029691471820


Dynamic libraries:
0x00007ff7b97f0000 - 0x00007ff7b9800000 	C:\Program Files\Java\jdk-21\bin\java.exe
0x00007ffebd170000 - 0x00007ffebd387000 	C:\WINDOWS\SYSTEM32\ntdll.dll
0x00007ffebb540000 - 0x00007ffebb604000 	C:\WINDOWS\System32\KERNEL32.DLL
0x00007ffeba980000 - 0x00007ffebad37000 	C:\WINDOWS\System32\KERNELBASE.dll
0x00007ffeba7f0000 - 0x00007ffeba901000 	C:\WINDOWS\System32\ucrtbase.dll
0x00007ffea6d70000 - 0x00007ffea6d89000 	C:\Program Files\Java\jdk-21\bin\jli.dll
0x00007ffea70c0000 - 0x00007ffea70db000 	C:\Program Files\Java\jdk-21\bin\VCRUNTIME140.dll
0x00007ffebc160000 - 0x00007ffebc212000 	C:\WINDOWS\System32\ADVAPI32.dll
0x00007ffebc0b0000 - 0x00007ffebc157000 	C:\WINDOWS\System32\msvcrt.dll
0x00007ffebb7e0000 - 0x00007ffebb888000 	C:\WINDOWS\System32\sechost.dll
0x00007ffeba7c0000 - 0x00007ffeba7e8000 	C:\WINDOWS\System32\bcrypt.dll
0x00007ffebaf90000 - 0x00007ffebb0a4000 	C:\WINDOWS\System32\RPCRT4.dll
0x00007ffebb630000 - 0x00007ffebb7df000 	C:\WINDOWS\System32\USER32.dll
0x00007ffea8550000 - 0x00007ffea87e3000 	C:\WINDOWS\WinSxS\amd64_microsoft.windows.common-controls_6595b64144ccf1df_6.0.22621.3672_none_2713b9d173822955\COMCTL32.dll
0x00007ffeba500000 - 0x00007ffeba526000 	C:\WINDOWS\System32\win32u.dll
0x00007ffebc4a0000 - 0x00007ffebc4c9000 	C:\WINDOWS\System32\GDI32.dll
0x00007ffeba530000 - 0x00007ffeba648000 	C:\WINDOWS\System32\gdi32full.dll
0x00007ffebae00000 - 0x00007ffebae9a000 	C:\WINDOWS\System32\msvcp_win.dll
0x00007ffeb0ef0000 - 0x00007ffeb0efa000 	C:\WINDOWS\SYSTEM32\VERSION.dll
0x00007ffebaf50000 - 0x00007ffebaf81000 	C:\WINDOWS\System32\IMM32.DLL
0x00007ffeb06e0000 - 0x00007ffeb06ec000 	C:\Program Files\Java\jdk-21\bin\vcruntime140_1.dll
0x00007ffea69f0000 - 0x00007ffea6a7e000 	C:\Program Files\Java\jdk-21\bin\msvcp140.dll
0x00007ffe13a00000 - 0x00007ffe14717000 	C:\Program Files\Java\jdk-21\bin\server\jvm.dll
0x00007ffebcf60000 - 0x00007ffebcfd1000 	C:\WINDOWS\System32\WS2_32.dll
0x00007ffeb9300000 - 0x00007ffeb934d000 	C:\WINDOWS\SYSTEM32\POWRPROF.dll
0x00007ffeb0650000 - 0x00007ffeb0684000 	C:\WINDOWS\SYSTEM32\WINMM.dll
0x00007ffeb92d0000 - 0x00007ffeb92e3000 	C:\WINDOWS\SYSTEM32\UMPDC.dll
0x00007ffeb9590000 - 0x00007ffeb95a8000 	C:\WINDOWS\SYSTEM32\kernel.appcore.dll
0x00007ffeaefc0000 - 0x00007ffeaefca000 	C:\Program Files\Java\jdk-21\bin\jimage.dll
0x00007ffeb7770000 - 0x00007ffeb79a2000 	C:\WINDOWS\SYSTEM32\DBGHELP.DLL
0x00007ffebbd10000 - 0x00007ffebc09e000 	C:\WINDOWS\System32\combase.dll
0x00007ffebc4d0000 - 0x00007ffebc5a7000 	C:\WINDOWS\System32\OLEAUT32.dll
0x00007ffea6f50000 - 0x00007ffea6f82000 	C:\WINDOWS\SYSTEM32\dbgcore.DLL
0x00007ffeba480000 - 0x00007ffeba4fb000 	C:\WINDOWS\System32\bcryptPrimitives.dll
0x00007ffea6cb0000 - 0x00007ffea6ccf000 	C:\Program Files\Java\jdk-21\bin\java.dll
0x00007ffebc6f0000 - 0x00007ffebcf59000 	C:\WINDOWS\System32\SHELL32.dll
0x00007ffeb83b0000 - 0x00007ffeb8caf000 	C:\WINDOWS\SYSTEM32\windows.storage.dll
0x00007ffeb8270000 - 0x00007ffeb83af000 	C:\WINDOWS\SYSTEM32\wintypes.dll
0x00007ffebcfe0000 - 0x00007ffebd0d9000 	C:\WINDOWS\System32\SHCORE.dll
0x00007ffebc630000 - 0x00007ffebc68e000 	C:\WINDOWS\System32\shlwapi.dll
0x00007ffeba3b0000 - 0x00007ffeba3d7000 	C:\WINDOWS\SYSTEM32\profapi.dll
0x00007ffea6910000 - 0x00007ffea69e7000 	C:\Program Files\Java\jdk-21\bin\jsvml.dll
0x00007ffeae220000 - 0x00007ffeae230000 	C:\Program Files\Java\jdk-21\bin\net.dll
0x00007ffeb1580000 - 0x00007ffeb16b6000 	C:\WINDOWS\SYSTEM32\WINHTTP.dll
0x00007ffeb99f0000 - 0x00007ffeb9a59000 	C:\WINDOWS\system32\mswsock.dll
0x00007ffea6c90000 - 0x00007ffea6ca6000 	C:\Program Files\Java\jdk-21\bin\nio.dll
0x00007ffea51e0000 - 0x00007ffea51f8000 	C:\Program Files\Java\jdk-21\bin\zip.dll
0x00007ffea6900000 - 0x00007ffea690a000 	C:\Program Files\Java\jdk-21\bin\management.dll
0x00007ffea6510000 - 0x00007ffea651b000 	C:\Program Files\Java\jdk-21\bin\management_ext.dll
0x00007ffebb0b0000 - 0x00007ffebb0b8000 	C:\WINDOWS\System32\PSAPI.DLL
0x00007ffeb9c20000 - 0x00007ffeb9c3b000 	C:\WINDOWS\SYSTEM32\CRYPTSP.dll
0x00007ffeb94f0000 - 0x00007ffeb9525000 	C:\WINDOWS\system32\rsaenh.dll
0x00007ffeb9ac0000 - 0x00007ffeb9ae8000 	C:\WINDOWS\SYSTEM32\USERENV.dll
0x00007ffeb9c40000 - 0x00007ffeb9c4c000 	C:\WINDOWS\SYSTEM32\CRYPTBASE.dll
0x00007ffeb8f70000 - 0x00007ffeb8f9d000 	C:\WINDOWS\SYSTEM32\IPHLPAPI.DLL
0x00007ffebc0a0000 - 0x00007ffebc0a9000 	C:\WINDOWS\System32\NSI.dll
0x00007ffea7060000 - 0x00007ffea7070000 	C:\Program Files\Java\jdk-21\bin\verify.dll

dbghelp: loaded successfully - version: 4.0.5 - missing functions: none
symbol engine: initialized successfully - sym options: 0x614 - pdb path: .;C:\Program Files\Java\jdk-21\bin;C:\WINDOWS\SYSTEM32;C:\WINDOWS\WinSxS\amd64_microsoft.windows.common-controls_6595b64144ccf1df_6.0.22621.3672_none_2713b9d173822955;C:\Program Files\Java\jdk-21\bin\server

VM Arguments:
java_command: C:\Users\betti\AppData\Local\Temp\surefire399514009452215890\surefirebooter824973817818888473.jar C:\Users\betti\AppData\Local\Temp\surefire399514009452215890 2024-11-13T16-16-47_604-jvmRun1 surefire2663387390273365507tmp surefire_013131411657864593251tmp
java_class_path (initial): C:\Users\betti\AppData\Local\Temp\surefire399514009452215890\surefirebooter824973817818888473.jar
Launcher Type: SUN_STANDARD

[Global flags]
     intx CICompilerCount                          = 4                                         {product} {ergonomic}
     uint ConcGCThreads                            = 2                                         {product} {ergonomic}
     uint G1ConcRefinementThreads                  = 8                                         {product} {ergonomic}
   size_t G1HeapRegionSize                         = 1048576                                   {product} {ergonomic}
    uintx GCDrainStackTargetSize                   = 64                                        {product} {ergonomic}
   size_t InitialHeapSize                          = 132120576                                 {product} {ergonomic}
   size_t MarkStackSize                            = 4194304                                   {product} {ergonomic}
   size_t MaxHeapSize                              = 2095054848                                {product} {ergonomic}
   size_t MaxNewSize                               = 1256194048                                {product} {ergonomic}
   size_t MinHeapDeltaBytes                        = 1048576                                   {product} {ergonomic}
   size_t MinHeapSize                              = 8388608                                   {product} {ergonomic}
    uintx NonNMethodCodeHeapSize                   = 5839372                                {pd product} {ergonomic}
    uintx NonProfiledCodeHeapSize                  = 122909434                              {pd product} {ergonomic}
    uintx ProfiledCodeHeapSize                     = 122909434                              {pd product} {ergonomic}
    uintx ReservedCodeCacheSize                    = 251658240                              {pd product} {ergonomic}
     bool SegmentedCodeCache                       = true                                      {product} {ergonomic}
   size_t SoftMaxHeapSize                          = 2095054848                             {manageable} {ergonomic}
     bool UseCompressedOops                        = true                           {product lp64_product} {ergonomic}
     bool UseG1GC                                  = true                                      {product} {ergonomic}
     bool UseLargePagesIndividualAllocation        = false                                  {pd product} {ergonomic}

Logging:
Log output configuration:
 #0: stdout all=warning uptime,level,tags foldmultilines=false
 #1: stderr all=off uptime,level,tags foldmultilines=false

Environment Variables:
JAVA_HOME=C:\Program Files\Java\jdk-21
PATH=C:\Program Files\Common Files\Oracle\Java\javapath;C:\WINDOWS\system32;C:\WINDOWS;C:\WINDOWS\System32\Wbem;C:\WINDOWS\System32\WindowsPowerShell\v1.0\;C:\WINDOWS\System32\OpenSSH\;C:\Tools\Driver;C:\Program Files\Microsoft SQL Server\Client SDK\ODBC\170\Tools\Binn\;C:\Program Files (x86)\Microsoft SQL Server\150\Tools\Binn\;C:\Program Files\Microsoft SQL Server\150\Tools\Binn\;C:\Program Files\Microsoft SQL Server\150\DTS\Binn\;C:\Program Files\Portugal Identity Card\;C:\Program Files\Git\cmd;C:\Program Files\Java\jdk-21\bin;%MVN_HOME%\bin;;C:\Program Files\Docker\Docker\resources\bin;C:\Program Files\nodejs\;C:\Users\betti\AppData\Local\Microsoft\WindowsApps;C:\Program Files\JetBrains\IntelliJ IDEA 2023.3.5\bin;;C:\Users\betti\AppData\Roaming\npm;C:\Users\betti\AppData\Local\Programs\Microsoft VS Code\bin;C:\Program Files\apache-maven-3.8.2\bin;
USERNAME=betti
OS=Windows_NT
PROCESSOR_IDENTIFIER=Intel64 Family 6 Model 140 Stepping 1, GenuineIntel
TMP=C:\Users\betti\AppData\Local\Temp
TEMP=C:\Users\betti\AppData\Local\Temp




Periodic native trim disabled

---------------  S Y S T E M  ---------------

OS:
 Windows 11 , 64 bit Build 22621 (10.0.22621.3958)
OS uptime: 0 days 0:32 hours
Hyper-V role detected

CPU: total 8 (initial active 8) (4 cores per cpu, 2 threads per core) family 6 model 140 stepping 1 microcode 0x8a, cx8, cmov, fxsr, ht, mmx, 3dnowpref, sse, sse2, sse3, ssse3, sse4.1, sse4.2, popcnt, lzcnt, tsc, tscinvbit, avx, avx2, aes, erms, clmul, bmi1, bmi2, adx, avx512f, avx512dq, avx512cd, avx512bw, avx512vl, sha, fma, vzeroupper, avx512_vpopcntdq, avx512_vpclmulqdq, avx512_vaes, avx512_vnni, clflush, clflushopt, clwb, avx512_vbmi2, avx512_vbmi, hv, rdtscp, rdpid, fsrm, gfni, avx512_bitalg, f16c, cet_ibt, cet_ss, avx512_ifma
Processor Information for all 8 processors :
  Max Mhz: 2419, Current Mhz: 2419, Mhz Limit: 2419

Memory: 4k page, system-wide physical 7991M (711M free)
TotalPageFile size 12731M (AvailPageFile size 14M)
current process WorkingSet (physical memory assigned to process): 142M, peak: 144M
current process commit charge ("private bytes"): 265M, peak: 267M

vm_info: Java HotSpot(TM) 64-Bit Server VM (21.0.2+13-LTS-58) for windows-amd64 JRE (21.0.2+13-LTS-58), built on 2024-01-05T18:32:24Z by "mach5one" with MS VC++ 17.1 (VS2022)

END.
